20230116	21:10:31	0ae1b873-2af4-4e0c-b9e9-ea4e9fab5259	GET	/	undefined
20230116	21:10:32	d60ae32c-10ff-44ea-aef6-fa04d87b2072	GET	/css/style.css	undefined
20230116	21:10:32	4c10193e-4cfe-464a-b4a0-783b3b9a7b37	GET	/favicon.ico	undefined
20230117	06:56:53	569cba7e-9570-4023-b1ec-ec3f79d638d5	GET	/	undefined
20230117	06:56:55	672e97ba-5bb5-4dee-a17f-f5cd95a66d4c	GET	/css/style.css	undefined
20230117	06:56:57	18af7bf1-0adb-45c9-8273-81899a469340	GET	/favicon.ico	undefined
20230119	08:02:00	5c6eddb0-7d60-4cac-b98b-fd9bdd5e2770	GET	/	undefined
20230119	08:02:00	91722c76-88cb-42c8-8606-bdbf66117ef3	GET	/css/style.css	undefined
20230119	08:02:00	b50b8931-e2ae-4710-8942-44f5b9dca5da	GET	/favicon.ico	undefined
20230119	08:02:39	dbcbc7a6-39ae-4132-b84d-40a7aa3a5ceb	GET	/css/style.css	undefined
20230119	08:03:51	87658b9d-4de4-4430-9751-37d049c5ea20	GET	/	undefined
20230119	08:04:20	f8bca118-e676-4116-a2a6-767fbabb2e67	OPTIONS	/	https://www.google.com
20230119	08:04:20	151e4a12-8a9b-41e8-9609-01d2b34685aa	GET	/	https://www.google.com
20230119	08:06:58	d0237e99-eb3a-4298-aa4c-31e48d7668e6	OPTIONS	/	https://www.google.com
20230119	08:06:58	760f2a8b-e7c9-4921-b434-34d3ff781ff1	GET	/	https://www.google.com
20230120	07:47:37	13fd79d4-bc72-4a8e-8c45-7b83c1e76c7b	GET	/	undefined
20230120	07:48:13	b2c61b28-ba2a-49ca-bcf4-4e3896ed20d9	OPTIONS	/	https://www.google.com
20230120	07:48:13	c2f564f5-d418-444e-acd1-e5f7c866bf1a	GET	/	https://www.google.com
20230120	07:49:05	df267ff1-4697-4c97-acac-5d7413636b4c	OPTIONS	/	https://www.google.com
20230120	07:49:05	ac96d14a-caca-4e98-ac1e-646c867f2936	GET	/	https://www.google.com
20230120	07:53:40	e1ef2554-44a9-4c28-8cab-931df2272788	OPTIONS	/	https://www.google.com
20230120	07:53:40	43641d68-af76-46d9-8b1d-fe3043a94e8a	GET	/	https://www.google.com
20230120	07:54:47	afc17cdb-a74f-41ec-8bc9-8b823bcd83c8	OPTIONS	/	https://www.google.com
20230120	07:54:47	feaa5191-38d4-4390-9a31-9ff1892e7ee5	GET	/	https://www.google.com
20230120	07:55:52	197cbedb-e727-4368-bdc4-0ac1f99a755d	OPTIONS	/	https://www.google.com
20230120	07:55:54	1c52f3cb-6a6b-47cd-b73b-031445d59bff	GET	/	https://www.google.com
20230120	07:57:24	28c8a34b-927d-4396-acc9-81530e71a0b5	GET	/	undefined
20230120	07:57:24	f5c88faa-cfc2-4d2b-b678-71fa879a7617	GET	/css/style.css	undefined
20230120	07:57:24	2002e868-5bbf-42ac-a5f6-cb3dd52f9ccb	GET	/favicon.ico	undefined
20230211	00:31:19	318bb113-6c1f-4f7a-a4cb-2c62db524b6a	GET	/users	undefined
20230211	00:37:09	9e27fed0-af5c-4d56-ba93-d99a8e97c58d	POST	/users	undefined
20230211	00:37:35	27a0ffcc-e355-486f-b7a6-77c014419403	GET	/users	undefined
20230211	00:39:14	8e140270-7c97-4fb9-8c4c-0fe903a2bba2	POST	/users	undefined
20230211	00:39:23	febc4a13-4c3e-471f-a3c8-bb339de174e0	POST	/users	undefined
20230211	00:39:37	c8e83172-5438-4c33-b9eb-42ef39369e7b	POST	/users	undefined
20230211	00:39:46	0e32422d-bb4f-4205-a25c-96c937b4004d	POST	/users	undefined
20230211	11:26:26	8e50ffcc-02c7-4494-a6b7-181235092f39	POST	/users	undefined
20230211	11:28:38	ff10be81-e959-4666-a8c9-0e412fb268cf	GET	/users	undefined
20230211	11:29:57	1b2a44ce-191d-4df0-9ad0-e3b491842b30	PATCH	/users	undefined
20230211	11:30:16	19fe6161-6555-4e8d-9c46-ab717a258362	PATCH	/users	undefined
20230211	11:31:01	45a8c4f5-7fc8-47a5-83c5-773d2dfbe113	PATCH	/users	undefined
20230211	11:31:12	f60ba2ab-0c77-41f3-a2be-1d2e3f6a4de6	GET	/users	undefined
20230211	11:32:00	982168a5-c7da-4b05-94a0-bdb27dd93339	PATCH	/users	undefined
20230211	11:32:21	eed86e3a-3716-4be8-9860-ab61af746551	GET	/users	undefined
20230211	11:33:02	addc6dae-4a84-4a0f-a4bf-ef7a2237f630	PATCH	/users	undefined
20230211	11:33:20	95a57cf0-91f5-463d-a60f-1c5e96d40f35	PATCH	/users	undefined
20230211	11:33:28	0e487344-5691-4649-92a9-041d364ac981	GET	/users	undefined
20230211	11:33:35	81aee1db-dd59-4503-8bb5-16d35c3ef763	GET	/users	undefined
20230211	11:33:41	e13d70d8-dcc8-40de-bff6-9a2f3d28435e	PATCH	/users	undefined
20230211	11:33:45	a00d4d0e-7388-446c-8547-82c703db85bf	GET	/users	undefined
20230212	11:08:02	a0c87bd6-a783-4a94-95d8-9d0bb2365811	GET	/users	undefined
20230212	11:09:58	b37f93d5-35de-4f41-b424-b2e952644286	PATCH	/users	undefined
20230212	11:10:25	0ab7ede7-1c63-41d5-8ad7-f5bacea95bcc	PATCH	/users	undefined
20230212	11:13:19	d51061a5-2540-4c6b-8b1d-b2dfec001274	PATCH	/users	undefined
20230212	11:13:28	a83a9f26-b9f7-4127-9da5-fd3298b1d102	GET	/users	undefined
20230212	11:13:52	541303a0-0f50-41a6-a75b-ba4ab62b11c6	DELETE	/users	undefined
20230212	11:14:13	ed2121d2-5111-4f87-815d-67edab4288eb	DELETE	/users	undefined
20230212	11:14:18	ef226a4f-f417-4d03-a090-e884b883194a	DELETE	/users	undefined
20230212	11:14:24	cfb11fa2-b502-440d-86c8-8fed5ad497b3	GET	/users	undefined
20230212	11:14:36	0234c7c8-b63a-46c7-b7a9-7d1f77439c27	DELETE	/users	undefined
20230212	11:14:41	729a465c-2da9-4c37-8986-dc0d148ddb00	DELETE	/users	undefined
20230212	11:14:48	85f26353-79dc-46cb-b98e-b2690ded877e	GET	/users	undefined
20230221	14:17:41	838da0f7-ef77-4b09-a898-3ec2fd524b07	GET	/notes	undefined
20230221	14:18:44	19538919-c39a-4196-a0da-bc975b38a856	GET	/users	undefined
20230221	14:20:13	3236391b-7185-437c-91d6-29f5171d1662	GET	/notes	undefined
20230222	23:24:28	ad72ae7e-127a-492d-8ada-71083c64fd7e	GET	/user	undefined
20230222	23:24:37	cd98080f-64ca-435d-af67-52c28c63c5c2	GET	/users	undefined
20230222	23:24:52	ae7f2ed2-baae-4831-8110-0bdd7eea54c9	GET	/notes	undefined
20230222	23:24:57	6ae9b622-274e-4855-98c8-a9d491494532	GET	/users	undefined
20230222	23:25:35	a8034234-1eed-4741-9e43-bd52c3f7e5f7	GET	/notes	undefined
20230222	23:26:20	cea70a8e-94f1-47f5-952f-5a21a6b78e0e	GET	/notes	undefined
20230222	23:26:23	efcafa18-474f-4821-b9bb-2986d98a1465	GET	/notes	undefined
20230228	21:48:20	6caea75b-4d33-415e-bc2c-57a27baae6fa	GET	/users	undefined
20230228	21:48:28	623bdc7e-e35f-4bf1-8d70-8497f8576b4c	GET	/notes	undefined
20230228	21:55:37	b58a88fd-df76-4506-8cbc-dc0b4dc6488b	GET	/users	undefined
20230228	22:18:15	ded66d10-b640-4d7d-bc17-39fb64bc5a71	GET	/users	undefined
20230228	22:18:23	8992299c-e44b-46e1-83fa-f7b40b71156b	POST	/users	undefined
20230228	22:18:30	5b50c904-798f-4188-bb2f-fa596b88eb7f	GET	/users	undefined
20230228	22:20:28	f559246b-ed2c-49ae-b795-2d1c12cfc45e	POST	/notes	undefined
20230228	22:20:38	9aa85e5a-9331-4831-aab3-0fddd5cc1575	GET	/notes	undefined
20230228	22:27:43	20604012-382f-43d9-9426-422227d5529a	GET	/notes	undefined
20230228	22:27:50	50bfe4b3-4ce1-470a-9f02-78b401be976e	POST	/notes	undefined
20230228	22:29:30	5338d425-a415-4c92-b2f0-369c60319c83	POST	/notes	undefined
20230228	22:30:03	6ac7a0d5-6b61-45a7-86a3-c2f86430b34a	POST	/notes	undefined
20230228	22:30:18	7ffd97b6-f8db-431c-a1ca-3bdcba5fbcf1	POST	/notes	undefined
20230228	22:30:48	a437a843-d161-40e2-bc73-35b4e8b64b25	POST	/notes	undefined
20230228	22:30:53	5738b2f6-efb8-418e-9682-263454b00258	POST	/notes	undefined
20230228	22:31:02	5778ccf8-8bb6-4262-8f16-6143f79400fb	POST	/notes	undefined
20230228	22:32:43	fce2033c-0165-4db1-83ed-c6431f69612b	POST	/notes	undefined
20230228	22:37:05	0711bfa9-be19-4e8e-b5e1-dd45721147f3	GET	/notes	undefined
20230228	22:38:14	1d727908-5ae3-4f31-98ce-a0902c6c5363	PATCH	/notes	undefined
20230228	22:39:08	6e9c0c9c-d4fb-4935-9ba7-4608ca539957	PATCH	/notes	undefined
20230228	22:39:22	5237f9f4-74c3-419a-8039-b4cd223ec0d3	PATCH	/notes	undefined
20230228	22:39:27	6700d877-fb00-4391-aadc-eb2b558c6bfd	GET	/notes	undefined
20230228	22:40:23	029b6835-9f00-44a1-b35f-59c9f25e17da	GET	/users	undefined
20230228	22:40:41	ad71921c-d0dd-4015-ac9e-57a9843893bd	POST	/users	undefined
20230228	22:40:53	dfb587a5-1112-4eb5-9f74-ed2675905d2a	GET	/users	undefined
20230228	22:41:53	2f68f40c-f670-4d7e-9700-6956b082ce8a	PATCH	/notes	undefined
20230301	23:45:06	82d2c0a7-4bc1-4132-a988-ee9c06fbf0c2	GET	/users	undefined
20230301	23:45:25	6dac39a3-e859-43e8-b573-25c04d18e038	DELETE	/users	undefined
20230301	23:45:55	3307f87c-9a6c-41f6-a4d3-fda230aaa9cf	GET	/notes	undefined
20230301	23:46:21	8e522639-eefa-41fb-bf54-42fe30fe3bbd	DELETE	/notes	undefined
20230301	23:46:40	154655ff-1113-4603-a481-77fabd775e61	DELETE	/notes	undefined
20230301	23:46:57	a8d41502-f2b1-4972-b069-d9aa4e3e6923	DELETE	/users	undefined
20230301	23:47:16	2932ef58-ca5e-49df-a0ad-53e8bbf73f01	DELETE	/users	undefined
20230301	23:47:33	7c74fcfa-4eea-40c6-85c7-3e62f8887c34	DELETE	/users	undefined
