20230116	21:10:31	0ae1b873-2af4-4e0c-b9e9-ea4e9fab5259	GET	/	undefined
20230116	21:10:32	d60ae32c-10ff-44ea-aef6-fa04d87b2072	GET	/css/style.css	undefined
20230116	21:10:32	4c10193e-4cfe-464a-b4a0-783b3b9a7b37	GET	/favicon.ico	undefined
20230117	06:56:53	569cba7e-9570-4023-b1ec-ec3f79d638d5	GET	/	undefined
20230117	06:56:55	672e97ba-5bb5-4dee-a17f-f5cd95a66d4c	GET	/css/style.css	undefined
20230117	06:56:57	18af7bf1-0adb-45c9-8273-81899a469340	GET	/favicon.ico	undefined
20230119	08:02:00	5c6eddb0-7d60-4cac-b98b-fd9bdd5e2770	GET	/	undefined
20230119	08:02:00	91722c76-88cb-42c8-8606-bdbf66117ef3	GET	/css/style.css	undefined
20230119	08:02:00	b50b8931-e2ae-4710-8942-44f5b9dca5da	GET	/favicon.ico	undefined
20230119	08:02:39	dbcbc7a6-39ae-4132-b84d-40a7aa3a5ceb	GET	/css/style.css	undefined
20230119	08:03:51	87658b9d-4de4-4430-9751-37d049c5ea20	GET	/	undefined
20230119	08:04:20	f8bca118-e676-4116-a2a6-767fbabb2e67	OPTIONS	/	https://www.google.com
20230119	08:04:20	151e4a12-8a9b-41e8-9609-01d2b34685aa	GET	/	https://www.google.com
20230119	08:06:58	d0237e99-eb3a-4298-aa4c-31e48d7668e6	OPTIONS	/	https://www.google.com
20230119	08:06:58	760f2a8b-e7c9-4921-b434-34d3ff781ff1	GET	/	https://www.google.com
20230120	07:47:37	13fd79d4-bc72-4a8e-8c45-7b83c1e76c7b	GET	/	undefined
20230120	07:48:13	b2c61b28-ba2a-49ca-bcf4-4e3896ed20d9	OPTIONS	/	https://www.google.com
20230120	07:48:13	c2f564f5-d418-444e-acd1-e5f7c866bf1a	GET	/	https://www.google.com
20230120	07:49:05	df267ff1-4697-4c97-acac-5d7413636b4c	OPTIONS	/	https://www.google.com
20230120	07:49:05	ac96d14a-caca-4e98-ac1e-646c867f2936	GET	/	https://www.google.com
20230120	07:53:40	e1ef2554-44a9-4c28-8cab-931df2272788	OPTIONS	/	https://www.google.com
20230120	07:53:40	43641d68-af76-46d9-8b1d-fe3043a94e8a	GET	/	https://www.google.com
20230120	07:54:47	afc17cdb-a74f-41ec-8bc9-8b823bcd83c8	OPTIONS	/	https://www.google.com
20230120	07:54:47	feaa5191-38d4-4390-9a31-9ff1892e7ee5	GET	/	https://www.google.com
20230120	07:55:52	197cbedb-e727-4368-bdc4-0ac1f99a755d	OPTIONS	/	https://www.google.com
20230120	07:55:54	1c52f3cb-6a6b-47cd-b73b-031445d59bff	GET	/	https://www.google.com
20230120	07:57:24	28c8a34b-927d-4396-acc9-81530e71a0b5	GET	/	undefined
20230120	07:57:24	f5c88faa-cfc2-4d2b-b678-71fa879a7617	GET	/css/style.css	undefined
20230120	07:57:24	2002e868-5bbf-42ac-a5f6-cb3dd52f9ccb	GET	/favicon.ico	undefined
